{
  "0 debug pnpm:scope": {
    "selected": 1,
    "workspacePrefix": "/Users/nanasuryana/Documents/OFFICE/Research/my-turborepo"
  },
  "1 info pnpm": {
    "err": {
      "name": "Error",
      "message": "not found: instlal",
      "code": "ENOENT",
      "stack": "Error: not found: instlal\n    at getNotFoundError (/usr/local/lib/node_modules/pnpm/dist/pnpm.cjs:41491:51)\n    at Function.whichSync [as sync] (/usr/local/lib/node_modules/pnpm/dist/pnpm.cjs:41568:13)\n    at getCommandAbsolutePathSync (/usr/local/lib/node_modules/pnpm/dist/pnpm.cjs:43133:44)\n    at default_1 (/usr/local/lib/node_modules/pnpm/dist/pnpm.cjs:43142:32)\n    at /usr/local/lib/node_modules/pnpm/dist/pnpm.cjs:176198:39"
    }
  },
  "2 error pnpm": {
    "code": "ERR_PNPM_RECURSIVE_EXEC_FIRST_FAIL",
    "prefix": "/Users/nanasuryana/Documents/OFFICE/Research/my-turborepo",
    "err": {
      "name": "pnpm",
      "message": "not found: instlal",
      "code": "ERR_PNPM_RECURSIVE_EXEC_FIRST_FAIL",
      "stack": "Error: not found: instlal\n    at getNotFoundError (/usr/local/lib/node_modules/pnpm/dist/pnpm.cjs:41491:51)\n    at Function.whichSync [as sync] (/usr/local/lib/node_modules/pnpm/dist/pnpm.cjs:41568:13)\n    at getCommandAbsolutePathSync (/usr/local/lib/node_modules/pnpm/dist/pnpm.cjs:43133:44)\n    at default_1 (/usr/local/lib/node_modules/pnpm/dist/pnpm.cjs:43142:32)\n    at /usr/local/lib/node_modules/pnpm/dist/pnpm.cjs:176198:39"
    }
  }
}